<?xml version="1.0" encoding="UTF-8"?>
<!-- Generated by org.testng.reporters.JUnitReportReporter -->
<testsuite hostname="LAPTOP-BL99EMON" failures="0" tests="1" name="windows.file.SeleniumDownloadFileDemo" time="43.830" errors="0" timestamp="2022-08-30T22:52:16 IST" skipped="0">
  <testcase classname="windows.file.SeleniumDownloadFileDemo" name="seleniumDownloadFile" time="43.830"/>
  <system-out/>
</testsuite> <!-- windows.file.SeleniumDownloadFileDemo -->
