<?xml version="1.0" encoding="UTF-8"?>
<!-- Generated by org.testng.reporters.JUnitReportReporter -->
<testsuite hostname="LAPTOP-BL99EMON" failures="0" tests="1" name="grid.docker.kubernetes.Grid" time="75.580" errors="0" timestamp="2022-09-04T20:57:10 IST" skipped="0">
  <testcase classname="grid.docker.kubernetes.Grid" name="test" time="75.580"/>
  <system-out/>
</testsuite> <!-- grid.docker.kubernetes.Grid -->
